[38;5;112m[Appium][0m Welcome to Appium v2.11.4
[38;5;112m[Appium][0m Non-default server args:
[38;5;112m[Appium][0m { basePath: [32m'/wd/hub'[39m, loglevel: [32m'info'[39m, port: [33m55054[39m }
[38;5;112m[Appium][0m Attempting to load driver uiautomator2...
[38;5;112m[Appium][0m Appium REST http interface listener started on http://0.0.0.0:55054/wd/hub
[38;5;112m[Appium][0m You can provide the following URLs in your client code to connect to this server:
	http://192.168.255.22:55054/wd/hub
	http://172.24.224.1:55054/wd/hub
	http://192.168.10.34:55054/wd/hub
	http://127.0.0.1:55054/wd/hub (only accessible from the same host)
[38;5;112m[Appium][0m Available drivers:
[38;5;112m[Appium][0m   - uiautomator2@4.0.1 (automationName 'UiAutomator2')
[38;5;112m[Appium][0m No plugins have been installed. Use the "appium plugin" command to install the one(s) you want to use.
[38;5;86m[HTTP][0m [37m-->[39m [37mGET[39m [37m/wd/hub/status[39m [90m{}[39m
[38;5;86m[HTTP][0m [37m<-- GET /wd/hub/status [39m[32m200[39m [90m12 ms - 111[39m [90m[39m
[38;5;86m[HTTP][0m [37m-->[39m [37mGET[39m [37m/wd/hub/status[39m [90m{}[39m
[38;5;86m[HTTP][0m [37m<-- GET /wd/hub/status [39m[32m200[39m [90m3 ms - 111[39m [90m[39m
[38;5;86m[HTTP][0m [37m-->[39m [37mPOST[39m [37m/wd/hub/session[39m [90m{"capabilities":{"firstMatch":[{"appium:appActivity":".Settings","appium:appPackage":"com.android.settings","appium:autoGrantPermissions":true,"appium:automationName":"uiautomator2","appium:deviceName":"emulator-5554 (Android SDK built for x86 - Android 10)","appium:newCommandTimeout":1800,"appium:platformName":"ANDROID","appium:platformVersion":"10","appium:systemPort":8287,"appium:udid":"emulator-5554","platformName":"ANDROID"}]},"desiredCapabilities":{"appium:appActivity":".Settings","appium:appPackage":"com.android.settings","appium:autoGrantPermissions":true,"appium:automationName":"uiautomator2","appium:deviceName":"emulator-5554 (Android SDK built for x86 - Android 10)","appium:newCommandTimeout":1800,"appium:platformName":"ANDROID","appium:platformVersion":"10","appium:systemPort":8287,"appium:udid":"emulator-5554"}}[39m
[38;5;123m[BaseDriver][0m Ignoring capability 'appium:platformName=ANDROID' and using capability 'platformName=ANDROID'
[38;5;123m[BaseDriver][0m The capabilities ["platformName"] are standard capabilities and do not require "appium:" prefix
[38;5;112m[Appium][0m Attempting to find matching driver for automationName 'uiautomator2' and platformName 'ANDROID'
[38;5;112m[Appium][0m The 'uiautomator2' driver was installed and matched caps.
[38;5;112m[Appium][0m Will require it at C:\Users\1556\.appium\node_modules\appium-uiautomator2-driver
[38;5;181m[AppiumDriver@31ad][0m Appium v2.11.4 creating new AndroidUiautomator2Driver (v4.0.1) session
[38;5;181m[AppiumDriver@31ad][0m Checking BaseDriver versions for Appium and AndroidUiautomator2Driver
[38;5;181m[AppiumDriver@31ad][0m Appium's BaseDriver version is 9.11.4
[38;5;181m[AppiumDriver@31ad][0m AndroidUiautomator2Driver's BaseDriver version is 9.11.4
[38;5;187m[289b0262][0m[38;5;-173m[AndroidUiautomator2Driver@790f][0m Session created with session id: 289b0262-060b-4410-9cb5-220868a457ca
[38;5;187m[289b0262][0m[38;5;229m[ADB][0m Found 32 'build-tools' folders under 'C:\Users\1556\AppData\Local\Android\android-sdk' (newest first):
[38;5;187m[289b0262][0m[38;5;229m[ADB][0m     C:\Users\1556\AppData\Local\Android\android-sdk\build-tools\34.0.0
[38;5;187m[289b0262][0m[38;5;229m[ADB][0m     C:\Users\1556\AppData\Local\Android\android-sdk\build-tools\29.0.3
[38;5;187m[289b0262][0m[38;5;229m[ADB][0m     C:\Users\1556\AppData\Local\Android\android-sdk\build-tools\29.0.2
[38;5;187m[289b0262][0m[38;5;229m[ADB][0m     C:\Users\1556\AppData\Local\Android\android-sdk\build-tools\29.0.1
[38;5;187m[289b0262][0m[38;5;229m[ADB][0m     C:\Users\1556\AppData\Local\Android\android-sdk\build-tools\29.0.0
[38;5;187m[289b0262][0m[38;5;229m[ADB][0m     C:\Users\1556\AppData\Local\Android\android-sdk\build-tools\28.0.3
[38;5;187m[289b0262][0m[38;5;229m[ADB][0m     C:\Users\1556\AppData\Local\Android\android-sdk\build-tools\28.0.2
[38;5;187m[289b0262][0m[38;5;229m[ADB][0m     C:\Users\1556\AppData\Local\Android\android-sdk\build-tools\28.0.1
[38;5;187m[289b0262][0m[38;5;229m[ADB][0m     C:\Users\1556\AppData\Local\Android\android-sdk\build-tools\28.0.0
[38;5;187m[289b0262][0m[38;5;229m[ADB][0m     C:\Users\1556\AppData\Local\Android\android-sdk\build-tools\27.0.3
[38;5;187m[289b0262][0m[38;5;229m[ADB][0m     C:\Users\1556\AppData\Local\Android\android-sdk\build-tools\27.0.2
[38;5;187m[289b0262][0m[38;5;229m[ADB][0m     C:\Users\1556\AppData\Local\Android\android-sdk\build-tools\27.0.1
[38;5;187m[289b0262][0m[38;5;229m[ADB][0m     C:\Users\1556\AppData\Local\Android\android-sdk\build-tools\27.0.0
[38;5;187m[289b0262][0m[38;5;229m[ADB][0m     C:\Users\1556\AppData\Local\Android\android-sdk\build-tools\26.0.3
[38;5;187m[289b0262][0m[38;5;229m[ADB][0m     C:\Users\1556\AppData\Local\Android\android-sdk\build-tools\26.0.2
[38;5;187m[289b0262][0m[38;5;229m[ADB][0m     C:\Users\1556\AppData\Local\Android\android-sdk\build-tools\26.0.1
[38;5;187m[289b0262][0m[38;5;229m[ADB][0m     C:\Users\1556\AppData\Local\Android\android-sdk\build-tools\26.0.0
[38;5;187m[289b0262][0m[38;5;229m[ADB][0m     C:\Users\1556\AppData\Local\Android\android-sdk\build-tools\25.0.3
[38;5;187m[289b0262][0m[38;5;229m[ADB][0m     C:\Users\1556\AppData\Local\Android\android-sdk\build-tools\25.0.2
[38;5;187m[289b0262][0m[38;5;229m[ADB][0m     C:\Users\1556\AppData\Local\Android\android-sdk\build-tools\25.0.1
[38;5;187m[289b0262][0m[38;5;229m[ADB][0m     C:\Users\1556\AppData\Local\Android\android-sdk\build-tools\25.0.0
[38;5;187m[289b0262][0m[38;5;229m[ADB][0m     C:\Users\1556\AppData\Local\Android\android-sdk\build-tools\24.0.3
[38;5;187m[289b0262][0m[38;5;229m[ADB][0m     C:\Users\1556\AppData\Local\Android\android-sdk\build-tools\24.0.2
[38;5;187m[289b0262][0m[38;5;229m[ADB][0m     C:\Users\1556\AppData\Local\Android\android-sdk\build-tools\24.0.1
[38;5;187m[289b0262][0m[38;5;229m[ADB][0m     C:\Users\1556\AppData\Local\Android\android-sdk\build-tools\24.0.0
[38;5;187m[289b0262][0m[38;5;229m[ADB][0m     C:\Users\1556\AppData\Local\Android\android-sdk\build-tools\23.0.3
[38;5;187m[289b0262][0m[38;5;229m[ADB][0m     C:\Users\1556\AppData\Local\Android\android-sdk\build-tools\23.0.2
[38;5;187m[289b0262][0m[38;5;229m[ADB][0m     C:\Users\1556\AppData\Local\Android\android-sdk\build-tools\23.0.1
[38;5;187m[289b0262][0m[38;5;229m[ADB][0m     C:\Users\1556\AppData\Local\Android\android-sdk\build-tools\22.0.1
[38;5;187m[289b0262][0m[38;5;229m[ADB][0m     C:\Users\1556\AppData\Local\Android\android-sdk\build-tools\21.1.2
[38;5;187m[289b0262][0m[38;5;229m[ADB][0m     C:\Users\1556\AppData\Local\Android\android-sdk\build-tools\20.0.0
[38;5;187m[289b0262][0m[38;5;229m[ADB][0m     C:\Users\1556\AppData\Local\Android\android-sdk\build-tools\19.1.0
[38;5;187m[289b0262][0m[38;5;229m[ADB][0m Using 'adb.exe' from 'C:\Users\1556\AppData\Local\Android\android-sdk\platform-tools\adb.exe'
[38;5;187m[289b0262][0m[38;5;-173m[AndroidUiautomator2Driver@790f][0m Retrieving device list
[38;5;187m[289b0262][0m[38;5;-173m[AndroidUiautomator2Driver@790f][0m Using device: emulator-5554
[38;5;187m[289b0262][0m[38;5;229m[ADB][0m Using 'adb.exe' from 'C:\Users\1556\AppData\Local\Android\android-sdk\platform-tools\adb.exe'
[38;5;187m[289b0262][0m[38;5;-173m[AndroidUiautomator2Driver@790f][0m Starting 'com.android.settings' directly on the device
[38;5;187m[289b0262][0m[38;5;229m[ADB][0m Getting device platform version
[38;5;187m[289b0262][0m[38;5;-173m[AndroidUiautomator2Driver@790f][0m Relaxing hidden api policy
[38;5;187m[289b0262][0m[38;5;229m[ADB][0m Using 'aapt2.exe' from 'C:\Users\1556\AppData\Local\Android\android-sdk\build-tools\34.0.0\aapt2.exe'
[38;5;187m[289b0262][0m[38;5;-173m[AndroidUiautomator2Driver@790f][0m Server packages are not going to be (re)installed
[38;5;187m[289b0262][0m[38;5;229m[ADB][0m Adding packages ["io.appium.settings","io.appium.uiautomator2.server","io.appium.uiautomator2.server.test"] to Doze whitelist
[38;5;187m[289b0262][0m[38;5;-173m[AndroidUiautomator2Driver@790f][0m Starting UIAutomator2 server 7.2.3
[38;5;187m[289b0262][0m[38;5;-173m[AndroidUiautomator2Driver@790f][0m Using UIAutomator2 server from 'C:\Users\1556\.appium\node_modules\appium-uiautomator2-driver\node_modules\appium-uiautomator2-server\apks\appium-uiautomator2-server-v7.2.3.apk' and test from 'C:\Users\1556\.appium\node_modules\appium-uiautomator2-driver\node_modules\appium-uiautomator2-server\apks\appium-uiautomator2-server-debug-androidTest.apk'
[38;5;187m[289b0262][0m[38;5;-173m[AndroidUiautomator2Driver@790f][0m Waiting up to 30000ms for UiAutomator2 to be online...
[38;5;187m[289b0262][0m[38;5;-173m[AndroidUiautomator2Driver@790f][0m socket hang up
[38;5;187m[289b0262][0m[38;5;-173m[AndroidUiautomator2Driver@790f][0m socket hang up
[38;5;187m[289b0262][0m[38;5;-173m[AndroidUiautomator2Driver@790f][0m socket hang up
[38;5;187m[289b0262][0m[38;5;-173m[AndroidUiautomator2Driver@790f][0m socket hang up
[38;5;187m[289b0262][0m[38;5;-173m[AndroidUiautomator2Driver@790f][0m Determined the downstream protocol as 'W3C'
[38;5;187m[289b0262][0m[38;5;-173m[AndroidUiautomator2Driver@790f][0m Screen already unlocked, doing nothing
[38;5;187m[289b0262][0m[38;5;-173m[AndroidUiautomator2Driver@790f][0m Starting 'com.android.settings/.Settings' and waiting for 'com.android.settings/.Settings'
[38;5;187m[289b0262][0m[38;5;181m[AppiumDriver@31ad][0m New AndroidUiautomator2Driver session created successfully, session 289b0262-060b-4410-9cb5-220868a457ca added to master session list
[38;5;187m[289b0262][0m[38;5;86m[HTTP][0m [37m<-- POST /wd/hub/session [39m[32m200[39m [90m8358 ms - 1136[39m [90m[39m
[38;5;86m[HTTP][0m [37m-->[39m [37mGET[39m [37m/wd/hub/status[39m [90m{}[39m
[38;5;86m[HTTP][0m [37m<-- GET /wd/hub/status [39m[32m200[39m [90m3 ms - 111[39m [90m[39m
[38;5;187m[289b0262][0m[38;5;86m[HTTP][0m [37m-->[39m [37mPOST[39m [37m/wd/hub/session/289b0262-060b-4410-9cb5-220868a457ca/timeouts[39m [90m{"implicit":60000}[39m
[38;5;187m[289b0262][0m[38;5;86m[HTTP][0m [37m<-- POST /wd/hub/session/289b0262-060b-4410-9cb5-220868a457ca/timeouts [39m[32m200[39m [90m11 ms - 14[39m [90m[39m
[38;5;187m[289b0262][0m[38;5;86m[HTTP][0m [37m-->[39m [37mPOST[39m [37m/wd/hub/session/289b0262-060b-4410-9cb5-220868a457ca/execute/sync[39m [90m{"script":"mobile: getSystemBars","args":[]}[39m
[38;5;187m[289b0262][0m[38;5;86m[HTTP][0m [37m<-- POST /wd/hub/session/289b0262-060b-4410-9cb5-220868a457ca/execute/sync [39m[32m200[39m [90m249 ms - 151[39m [90m[39m
[38;5;187m[289b0262][0m[38;5;86m[HTTP][0m [37m-->[39m [37mPOST[39m [37m/wd/hub/session/289b0262-060b-4410-9cb5-220868a457ca/execute/sync[39m [90m{"script":"mobile: activateApp","args":[{"appId":"com.swaglabsmobileapp","bundleId":"com.swaglabsmobileapp"}]}[39m
[38;5;187m[289b0262][0m[38;5;123m[BaseDriver][0m The following script arguments are not known and will be ignored: bundleId
[38;5;187m[289b0262][0m[38;5;86m[HTTP][0m [37m<-- POST /wd/hub/session/289b0262-060b-4410-9cb5-220868a457ca/execute/sync [39m[32m200[39m [90m496 ms - 14[39m [90m[39m
[38;5;187m[289b0262][0m[38;5;86m[HTTP][0m [37m-->[39m [37mGET[39m [37m/wd/hub/session/289b0262-060b-4410-9cb5-220868a457ca/source[39m [90m{}[39m
[38;5;187m[289b0262][0m[38;5;-173m[AndroidUiautomator2Driver@790f][0m Driver proxy active, passing request on via HTTP proxy
[38;5;187m[289b0262][0m[38;5;-173m[AndroidUiautomator2Driver@790f][0m Replacing sessionId 03a3ce5a-d5b4-4447-8bab-36c158dd5586 with 289b0262-060b-4410-9cb5-220868a457ca
[38;5;187m[289b0262][0m[38;5;86m[HTTP][0m [37m<-- GET /wd/hub/session/289b0262-060b-4410-9cb5-220868a457ca/source [39m[32m200[39m [90m1489 ms - 22882[39m [90m[39m
[38;5;187m[289b0262][0m[38;5;86m[HTTP][0m [37m-->[39m [37mGET[39m [37m/wd/hub/session/289b0262-060b-4410-9cb5-220868a457ca/screenshot[39m [90m{}[39m
[38;5;187m[289b0262][0m[38;5;86m[HTTP][0m [37m<-- GET /wd/hub/session/289b0262-060b-4410-9cb5-220868a457ca/screenshot [39m[32m200[39m [90m748 ms - 324748[39m [90m[39m
[38;5;187m[289b0262][0m[38;5;86m[HTTP][0m [37m-->[39m [37mGET[39m [37m/wd/hub/session/289b0262-060b-4410-9cb5-220868a457ca/source[39m [90m{}[39m
[38;5;187m[289b0262][0m[38;5;-173m[AndroidUiautomator2Driver@790f][0m Driver proxy active, passing request on via HTTP proxy
[38;5;187m[289b0262][0m[38;5;-173m[AndroidUiautomator2Driver@790f][0m Replacing sessionId 03a3ce5a-d5b4-4447-8bab-36c158dd5586 with 289b0262-060b-4410-9cb5-220868a457ca
[38;5;187m[289b0262][0m[38;5;86m[HTTP][0m [37m<-- GET /wd/hub/session/289b0262-060b-4410-9cb5-220868a457ca/source [39m[32m200[39m [90m311 ms - 22882[39m [90m[39m
[38;5;187m[289b0262][0m[38;5;86m[HTTP][0m [37m-->[39m [37mGET[39m [37m/wd/hub/session/289b0262-060b-4410-9cb5-220868a457ca/screenshot[39m [90m{}[39m
[38;5;187m[289b0262][0m[38;5;86m[HTTP][0m [37m<-- GET /wd/hub/session/289b0262-060b-4410-9cb5-220868a457ca/screenshot [39m[32m200[39m [90m538 ms - 323692[39m [90m[39m
[38;5;187m[289b0262][0m[38;5;86m[HTTP][0m [37m-->[39m [37mGET[39m [37m/wd/hub/session/289b0262-060b-4410-9cb5-220868a457ca/source[39m [90m{}[39m
[38;5;187m[289b0262][0m[38;5;-173m[AndroidUiautomator2Driver@790f][0m Driver proxy active, passing request on via HTTP proxy
[38;5;187m[289b0262][0m[38;5;-173m[AndroidUiautomator2Driver@790f][0m Replacing sessionId 03a3ce5a-d5b4-4447-8bab-36c158dd5586 with 289b0262-060b-4410-9cb5-220868a457ca
[38;5;187m[289b0262][0m[38;5;86m[HTTP][0m [37m<-- GET /wd/hub/session/289b0262-060b-4410-9cb5-220868a457ca/source [39m[32m200[39m [90m181 ms - 22882[39m [90m[39m
[38;5;187m[289b0262][0m[38;5;86m[HTTP][0m [37m-->[39m [37mGET[39m [37m/wd/hub/session/289b0262-060b-4410-9cb5-220868a457ca/screenshot[39m [90m{}[39m
[38;5;187m[289b0262][0m[38;5;86m[HTTP][0m [37m<-- GET /wd/hub/session/289b0262-060b-4410-9cb5-220868a457ca/screenshot [39m[32m200[39m [90m524 ms - 323692[39m [90m[39m
[38;5;187m[289b0262][0m[38;5;86m[HTTP][0m [37m-->[39m [37mGET[39m [37m/wd/hub/session/289b0262-060b-4410-9cb5-220868a457ca/source[39m [90m{}[39m
[38;5;187m[289b0262][0m[38;5;-173m[AndroidUiautomator2Driver@790f][0m Driver proxy active, passing request on via HTTP proxy
[38;5;187m[289b0262][0m[38;5;-173m[AndroidUiautomator2Driver@790f][0m Replacing sessionId 03a3ce5a-d5b4-4447-8bab-36c158dd5586 with 289b0262-060b-4410-9cb5-220868a457ca
[38;5;187m[289b0262][0m[38;5;86m[HTTP][0m [37m<-- GET /wd/hub/session/289b0262-060b-4410-9cb5-220868a457ca/source [39m[32m200[39m [90m226 ms - 22882[39m [90m[39m
[38;5;187m[289b0262][0m[38;5;86m[HTTP][0m [37m-->[39m [37mGET[39m [37m/wd/hub/session/289b0262-060b-4410-9cb5-220868a457ca/screenshot[39m [90m{}[39m
[38;5;187m[289b0262][0m[38;5;86m[HTTP][0m [37m<-- GET /wd/hub/session/289b0262-060b-4410-9cb5-220868a457ca/screenshot [39m[32m200[39m [90m524 ms - 323020[39m [90m[39m
[38;5;187m[289b0262][0m[38;5;86m[HTTP][0m [37m-->[39m [37mDELETE[39m [37m/wd/hub/session/289b0262-060b-4410-9cb5-220868a457ca[39m [90m{}[39m
[38;5;187m[289b0262][0m[38;5;181m[AppiumDriver@31ad][0m Removing session 289b0262-060b-4410-9cb5-220868a457ca from our master session list
[38;5;187m[289b0262][0m[38;5;-173m[AndroidUiautomator2Driver@790f][0m Restoring hidden api policy to the device default configuration
[38;5;187m[289b0262][0m[38;5;86m[HTTP][0m [37m<-- DELETE /wd/hub/session/289b0262-060b-4410-9cb5-220868a457ca [39m[32m200[39m [90m408 ms - 14[39m [90m[39m
